<?xml version="1.0" encoding="UTF-8"?>
<!-- Generated by org.testng.reporters.JUnitXMLReporter -->
<testsuite hostname="DESKTOP-UUGGR5U" ignored="0" name="firefoxTest" tests="6" failures="0" timestamp="06 Nov 2022 15:06:34 GMT" time="1.328" errors="0">
  <testcase name="@BeforeTest setup" time="0.64" classname="com.amazon.pkg.Sample2">
    <failure type="java.lang.IllegalStateException" message="The driver executable does not exist: C:\Users\Kamali\eclipse-workspace\Maven_Class\drivers\geckodriver.exe">
      <![CDATA[java.lang.IllegalStateException: The driver executable does not exist: C:\Users\Kamali\eclipse-workspace\Maven_Class\drivers\geckodriver.exe
at com.google.common.base.Preconditions.checkState(Preconditions.java:585)
at org.openqa.selenium.remote.service.DriverService.checkExecutable(DriverService.java:146)
at org.openqa.selenium.remote.service.DriverService.findExecutable(DriverService.java:141)
at org.openqa.selenium.firefox.GeckoDriverService.access$100(GeckoDriverService.java:44)
at org.openqa.selenium.firefox.GeckoDriverService$Builder.findDefaultExecutable(GeckoDriverService.java:167)
at org.openqa.selenium.remote.service.DriverService$Builder.build(DriverService.java:355)
at org.openqa.selenium.firefox.FirefoxDriver.toExecutor(FirefoxDriver.java:190)
at org.openqa.selenium.firefox.FirefoxDriver.<init>(FirefoxDriver.java:147)
at org.openqa.selenium.firefox.FirefoxDriver.<init>(FirefoxDriver.java:125)
at com.adacitin.commonutil.CommonUtill.browserlaunch(CommonUtill.java:53)
at com.amazon.pkg.Sample2.setup(Sample2.java:22)
at java.util.concurrent.FutureTask.run(Unknown Source)
at java.util.concurrent.ThreadPoolExecutor.runWorker(Unknown Source)
at java.util.concurrent.ThreadPoolExecutor$Worker.run(Unknown Source)
at java.lang.Thread.run(Unknown Source)
... Removed 15 stack frames]]>
    </failure>
  </testcase> <!-- @BeforeTest setup -->
  <testcase name="@BeforeTest setup" time="0.0" classname="com.amazon.pkg.Sample3">
    <skipped/>
  </testcase> <!-- @BeforeTest setup -->
  <testcase name="@AfterTest aftertest" time="0.0" classname="com.amazon.pkg.Sample2">
    <skipped/>
  </testcase> <!-- @AfterTest aftertest -->
  <testcase name="@AfterTest aftertest" time="0.0" classname="com.amazon.pkg.Sample3">
    <skipped/>
  </testcase> <!-- @AfterTest aftertest -->
  <testcase name="Test1" time="0.0" classname="com.amazon.pkg.Sample3">
    <skipped/>
  </testcase> <!-- Test1 -->
  <testcase name="Test1" time="0.0" classname="com.amazon.pkg.Sample2">
    <skipped/>
  </testcase> <!-- Test1 -->
  <testcase name="Test2" time="0.0" classname="com.amazon.pkg.Sample3">
    <skipped/>
  </testcase> <!-- Test2 -->
  <testcase name="Test2" time="0.0" classname="com.amazon.pkg.Sample2">
    <skipped/>
  </testcase> <!-- Test2 -->
  <testcase name="Test3" time="0.0" classname="com.amazon.pkg.Sample3">
    <skipped/>
  </testcase> <!-- Test3 -->
  <testcase name="Test3" time="0.0" classname="com.amazon.pkg.Sample2">
    <skipped/>
  </testcase> <!-- Test3 -->
</testsuite> <!-- firefoxTest -->
